<?xml version="1.0" encoding="UTF-8"?>
<!-- Generated by org.testng.reporters.JUnitReportReporter -->
<testsuite skipped="0" hostname="idea-PC" name="demo.ProjectUnitTest" tests="1" failures="0" timestamp="13 Jan 2022 05:34:17 GMT" time="0.525" errors="0">
  <testcase name="projectunitTest" time="0.525" classname="demo.ProjectUnitTest"/>
</testsuite> <!-- demo.ProjectUnitTest -->
