<?xml version="1.0" encoding="UTF-8"?>
<!-- Generated by org.testng.reporters.JUnitReportReporter -->
<testsuite skipped="0" hostname="idea-PC" name="demo.Practice_SmokeTest" tests="1" failures="0" timestamp="2022-01-27T00:44:07 IST" time="0.015" errors="0">
  <testcase name="createCustomerTest" time="0.015" classname="demo.Practice_SmokeTest"/>
  <system-out/>
</testsuite> <!-- demo.Practice_SmokeTest -->
