<?xml version="1.0" encoding="UTF-8"?>
<!-- Generated by org.testng.reporters.JUnitReportReporter -->
<testsuite skipped="0" hostname="idea-PC" name="demo.CustomerTest" tests="3" failures="0" timestamp="2022-01-21T00:15:10 IST" time="0.018" errors="0">
  <testcase name="createCustomerTest" time="0.011" classname="demo.CustomerTest"/>
  <system-out/>
  <testcase name="modifyCustomerTest" time="0.002" classname="demo.CustomerTest"/>
  <system-out/>
  <testcase name="deleteCustomerTest" time="0.005" classname="demo.CustomerTest"/>
  <system-out/>
</testsuite> <!-- demo.CustomerTest -->
