<?xml version="1.0" encoding="UTF-8"?>
<!-- Generated by org.testng.reporters.JUnitReportReporter -->
<testsuite skipped="0" hostname="idea-PC" name="demo.Practice" tests="3" failures="0" timestamp="2022-01-21T00:08:59 IST" time="0.015" errors="0">
  <testcase name="modifyCustomerTest" time="0.002" classname="demo.Practice"/>
  <system-out/>
  <testcase name="deleteCustomerTest" time="0.003" classname="demo.Practice"/>
  <system-out/>
  <testcase name="createCustomerTest" time="0.010" classname="demo.Practice"/>
  <system-out/>
</testsuite> <!-- demo.Practice -->
