<?xml version="1.0" encoding="UTF-8"?>
<!-- Generated by org.testng.reporters.JUnitReportReporter -->
<testsuite skipped="0" hostname="idea-PC" name="demo.CustomTest" tests="3" failures="0" timestamp="2022-01-21T00:30:19 IST" time="0.015" errors="0">
  <testcase name="createCustomerTest" time="0.011" classname="demo.CustomTest"/>
  <system-out/>
  <testcase name="modifyCustomerTest" time="0.002" classname="demo.CustomTest"/>
  <system-out/>
  <testcase name="deleteCustomerTest" time="0.002" classname="demo.CustomTest"/>
  <system-out/>
</testsuite> <!-- demo.CustomTest -->
