<?xml version="1.0" encoding="UTF-8"?>
<!-- Generated by org.testng.reporters.JUnitReportReporter -->
<testsuite skipped="0" hostname="idea-PC" name="demo.SampleTest_dataProvider" tests="5" failures="0" timestamp="2022-01-21T10:02:20 IST" time="0.019" errors="0">
  <testcase name="bookTicket" time="0.002" classname="demo.SampleTest_dataProvider"/>
  <system-out/>
  <testcase name="bookTicket" time="0.002" classname="demo.SampleTest_dataProvider"/>
  <system-out/>
  <testcase name="bookTicket" time="0.004" classname="demo.SampleTest_dataProvider"/>
  <system-out/>
  <testcase name="bookTicket" time="0.010" classname="demo.SampleTest_dataProvider"/>
  <system-out/>
  <testcase name="bookTicket" time="0.001" classname="demo.SampleTest_dataProvider"/>
  <system-out/>
</testsuite> <!-- demo.SampleTest_dataProvider -->
